0 info it worked if it ends with ok
1 verbose cli [ '/usr/local/bin/node',
1 verbose cli   '/usr/local/bin/npm',
1 verbose cli   'install',
1 verbose cli   'less',
1 verbose cli   '-g' ]
2 info using npm@3.10.6
3 info using node@v6.4.0
4 silly loadCurrentTree Starting
5 silly install loadCurrentTree
6 silly install readGlobalPackageData
7 silly fetchPackageMetaData less
8 silly fetchNamedPackageData less
9 silly mapToRegistry name less
10 silly mapToRegistry using default registry
11 silly mapToRegistry registry https://registry.npmjs.org/
12 silly mapToRegistry data Result {
12 silly mapToRegistry   raw: 'less',
12 silly mapToRegistry   scope: null,
12 silly mapToRegistry   escapedName: 'less',
12 silly mapToRegistry   name: 'less',
12 silly mapToRegistry   rawSpec: '',
12 silly mapToRegistry   spec: 'latest',
12 silly mapToRegistry   type: 'tag' }
13 silly mapToRegistry uri https://registry.npmjs.org/less
14 verbose request uri https://registry.npmjs.org/less
15 verbose request no auth needed
16 info attempt registry request try #1 at 7:26:31 PM
17 verbose request id e1ce2fece42cb342
18 http request GET https://registry.npmjs.org/less
19 http 200 https://registry.npmjs.org/less
20 verbose headers { server: 'CouchDB/1.5.0 (Erlang OTP/R16B03)',
20 verbose headers   etag: '"6FNUAYURNQCUZ5Z87M3PQD9H6"',
20 verbose headers   'content-type': 'application/json',
20 verbose headers   'content-encoding': 'gzip',
20 verbose headers   'cache-control': 'max-age=300',
20 verbose headers   'content-length': '14383',
20 verbose headers   'accept-ranges': 'bytes',
20 verbose headers   date: 'Wed, 07 Sep 2016 02:26:31 GMT',
20 verbose headers   via: '1.1 varnish',
20 verbose headers   age: '0',
20 verbose headers   connection: 'keep-alive',
20 verbose headers   'x-served-by': 'cache-sea1925-SEA',
20 verbose headers   'x-cache': 'HIT',
20 verbose headers   'x-cache-hits': '1',
20 verbose headers   'x-timer': 'S1473215190.944724,VS0,VE321',
20 verbose headers   vary: 'Accept-Encoding' }
21 silly get cb [ 200,
21 silly get   { server: 'CouchDB/1.5.0 (Erlang OTP/R16B03)',
21 silly get     etag: '"6FNUAYURNQCUZ5Z87M3PQD9H6"',
21 silly get     'content-type': 'application/json',
21 silly get     'content-encoding': 'gzip',
21 silly get     'cache-control': 'max-age=300',
21 silly get     'content-length': '14383',
21 silly get     'accept-ranges': 'bytes',
21 silly get     date: 'Wed, 07 Sep 2016 02:26:31 GMT',
21 silly get     via: '1.1 varnish',
21 silly get     age: '0',
21 silly get     connection: 'keep-alive',
21 silly get     'x-served-by': 'cache-sea1925-SEA',
21 silly get     'x-cache': 'HIT',
21 silly get     'x-cache-hits': '1',
21 silly get     'x-timer': 'S1473215190.944724,VS0,VE321',
21 silly get     vary: 'Accept-Encoding' } ]
22 verbose get saving less to /Users/SilentH/.npm/registry.npmjs.org/less/.cache.json
23 verbose correctMkdir /Users/SilentH/.npm correctMkdir not in flight; initializing
24 silly install normalizeTree
25 silly loadCurrentTree Finishing
26 silly loadIdealTree Starting
27 silly install loadIdealTree
28 silly cloneCurrentTree Starting
29 silly install cloneCurrentTreeToIdealTree
30 silly cloneCurrentTree Finishing
31 silly loadShrinkwrap Starting
32 silly install loadShrinkwrap
33 silly loadShrinkwrap Finishing
34 silly loadAllDepsIntoIdealTree Starting
35 silly install loadAllDepsIntoIdealTree
36 silly resolveWithNewModule less@2.7.1 checking installable status
37 silly cache add args [ 'less', null ]
38 verbose cache add spec less
39 silly cache add parsed spec Result {
39 silly cache add   raw: 'less',
39 silly cache add   scope: null,
39 silly cache add   escapedName: 'less',
39 silly cache add   name: 'less',
39 silly cache add   rawSpec: '',
39 silly cache add   spec: 'latest',
39 silly cache add   type: 'tag' }
40 silly addNamed less@latest
41 verbose addNamed "latest" is being treated as a dist-tag for less
42 info addNameTag [ 'less', 'latest' ]
43 silly mapToRegistry name less
44 silly mapToRegistry using default registry
45 silly mapToRegistry registry https://registry.npmjs.org/
46 silly mapToRegistry data Result {
46 silly mapToRegistry   raw: 'less',
46 silly mapToRegistry   scope: null,
46 silly mapToRegistry   escapedName: 'less',
46 silly mapToRegistry   name: 'less',
46 silly mapToRegistry   rawSpec: '',
46 silly mapToRegistry   spec: 'latest',
46 silly mapToRegistry   type: 'tag' }
47 silly mapToRegistry uri https://registry.npmjs.org/less
48 verbose addNameTag registry:https://registry.npmjs.org/less not in flight; fetching
49 verbose get https://registry.npmjs.org/less not expired, no request
50 silly addNameTag next cb for less with tag latest
51 silly addNamed less@2.7.1
52 verbose addNamed "2.7.1" is a plain semver version for less
53 silly mapToRegistry name less
54 silly mapToRegistry using default registry
55 silly mapToRegistry registry https://registry.npmjs.org/
56 silly mapToRegistry data Result {
56 silly mapToRegistry   raw: 'less',
56 silly mapToRegistry   scope: null,
56 silly mapToRegistry   escapedName: 'less',
56 silly mapToRegistry   name: 'less',
56 silly mapToRegistry   rawSpec: '',
56 silly mapToRegistry   spec: 'latest',
56 silly mapToRegistry   type: 'tag' }
57 silly mapToRegistry uri https://registry.npmjs.org/less
58 verbose addRemoteTarball https://registry.npmjs.org/less/-/less-2.7.1.tgz not in flight; adding
59 verbose addRemoteTarball [ 'https://registry.npmjs.org/less/-/less-2.7.1.tgz',
59 verbose addRemoteTarball   '6cbfea22b3b830304e9a5fb371d54fa480c9d7cf' ]
60 info retry fetch attempt 1 at 7:26:33 PM
61 info attempt registry request try #1 at 7:26:33 PM
62 http fetch GET https://registry.npmjs.org/less/-/less-2.7.1.tgz
63 http fetch 200 https://registry.npmjs.org/less/-/less-2.7.1.tgz
64 silly fetchAndShaCheck shasum 6cbfea22b3b830304e9a5fb371d54fa480c9d7cf
65 verbose addTmpTarball /var/folders/r6/1dn3hvvn1bj_hmdk2kb2x0jr0000gn/T/npm-6585-4e4a935b/registry.npmjs.org/less/-/less-2.7.1.tgz not in flight; adding
66 verbose addTmpTarball already have metadata; skipping unpack for less@2.7.1
67 verbose correctMkdir /Users/SilentH/.npm correctMkdir not in flight; initializing
68 silly cache afterAdd less@2.7.1
69 verbose afterAdd /Users/SilentH/.npm/less/2.7.1/package/package.json not in flight; writing
70 verbose correctMkdir /Users/SilentH/.npm correctMkdir not in flight; initializing
71 verbose afterAdd /Users/SilentH/.npm/less/2.7.1/package/package.json written
72 silly fetchNamedPackageData errno
73 silly mapToRegistry name errno
74 silly mapToRegistry using default registry
75 silly mapToRegistry registry https://registry.npmjs.org/
76 silly mapToRegistry data Result {
76 silly mapToRegistry   raw: 'errno',
76 silly mapToRegistry   scope: null,
76 silly mapToRegistry   escapedName: 'errno',
76 silly mapToRegistry   name: 'errno',
76 silly mapToRegistry   rawSpec: '',
76 silly mapToRegistry   spec: 'latest',
76 silly mapToRegistry   type: 'tag' }
77 silly mapToRegistry uri https://registry.npmjs.org/errno
78 silly fetchNamedPackageData graceful-fs
79 silly mapToRegistry name graceful-fs
80 silly mapToRegistry using default registry
81 silly mapToRegistry registry https://registry.npmjs.org/
82 silly mapToRegistry data Result {
82 silly mapToRegistry   raw: 'graceful-fs',
82 silly mapToRegistry   scope: null,
82 silly mapToRegistry   escapedName: 'graceful-fs',
82 silly mapToRegistry   name: 'graceful-fs',
82 silly mapToRegistry   rawSpec: '',
82 silly mapToRegistry   spec: 'latest',
82 silly mapToRegistry   type: 'tag' }
83 silly mapToRegistry uri https://registry.npmjs.org/graceful-fs
84 silly fetchNamedPackageData image-size
85 silly mapToRegistry name image-size
86 silly mapToRegistry using default registry
87 silly mapToRegistry registry https://registry.npmjs.org/
88 silly mapToRegistry data Result {
88 silly mapToRegistry   raw: 'image-size',
88 silly mapToRegistry   scope: null,
88 silly mapToRegistry   escapedName: 'image-size',
88 silly mapToRegistry   name: 'image-size',
88 silly mapToRegistry   rawSpec: '',
88 silly mapToRegistry   spec: 'latest',
88 silly mapToRegistry   type: 'tag' }
89 silly mapToRegistry uri https://registry.npmjs.org/image-size
90 silly fetchNamedPackageData mime
91 silly mapToRegistry name mime
92 silly mapToRegistry using default registry
93 silly mapToRegistry registry https://registry.npmjs.org/
94 silly mapToRegistry data Result {
94 silly mapToRegistry   raw: 'mime',
94 silly mapToRegistry   scope: null,
94 silly mapToRegistry   escapedName: 'mime',
94 silly mapToRegistry   name: 'mime',
94 silly mapToRegistry   rawSpec: '',
94 silly mapToRegistry   spec: 'latest',
94 silly mapToRegistry   type: 'tag' }
95 silly mapToRegistry uri https://registry.npmjs.org/mime
96 silly fetchNamedPackageData mkdirp
97 silly mapToRegistry name mkdirp
98 silly mapToRegistry using default registry
99 silly mapToRegistry registry https://registry.npmjs.org/
100 silly mapToRegistry data Result {
100 silly mapToRegistry   raw: 'mkdirp',
100 silly mapToRegistry   scope: null,
100 silly mapToRegistry   escapedName: 'mkdirp',
100 silly mapToRegistry   name: 'mkdirp',
100 silly mapToRegistry   rawSpec: '',
100 silly mapToRegistry   spec: 'latest',
100 silly mapToRegistry   type: 'tag' }
101 silly mapToRegistry uri https://registry.npmjs.org/mkdirp
102 silly fetchNamedPackageData promise
103 silly mapToRegistry name promise
104 silly mapToRegistry using default registry
105 silly mapToRegistry registry https://registry.npmjs.org/
106 silly mapToRegistry data Result {
106 silly mapToRegistry   raw: 'promise',
106 silly mapToRegistry   scope: null,
106 silly mapToRegistry   escapedName: 'promise',
106 silly mapToRegistry   name: 'promise',
106 silly mapToRegistry   rawSpec: '',
106 silly mapToRegistry   spec: 'latest',
106 silly mapToRegistry   type: 'tag' }
107 silly mapToRegistry uri https://registry.npmjs.org/promise
108 silly fetchNamedPackageData source-map
109 silly mapToRegistry name source-map
110 silly mapToRegistry using default registry
111 silly mapToRegistry registry https://registry.npmjs.org/
112 silly mapToRegistry data Result {
112 silly mapToRegistry   raw: 'source-map',
112 silly mapToRegistry   scope: null,
112 silly mapToRegistry   escapedName: 'source-map',
112 silly mapToRegistry   name: 'source-map',
112 silly mapToRegistry   rawSpec: '',
112 silly mapToRegistry   spec: 'latest',
112 silly mapToRegistry   type: 'tag' }
113 silly mapToRegistry uri https://registry.npmjs.org/source-map
114 verbose request uri https://registry.npmjs.org/errno
115 verbose request no auth needed
116 info attempt registry request try #1 at 7:26:33 PM
117 http request GET https://registry.npmjs.org/errno
118 verbose request uri https://registry.npmjs.org/graceful-fs
119 verbose request no auth needed
120 info attempt registry request try #1 at 7:26:33 PM
121 http request GET https://registry.npmjs.org/graceful-fs
122 verbose request uri https://registry.npmjs.org/image-size
123 verbose request no auth needed
124 info attempt registry request try #1 at 7:26:33 PM
125 http request GET https://registry.npmjs.org/image-size
126 verbose request uri https://registry.npmjs.org/promise
127 verbose request no auth needed
128 info attempt registry request try #1 at 7:26:33 PM
129 http request GET https://registry.npmjs.org/promise
130 verbose request uri https://registry.npmjs.org/mime
131 verbose request no auth needed
132 info attempt registry request try #1 at 7:26:33 PM
133 verbose etag "79WS74DR9ZLUO4ED6IFCU8FQ4"
134 http request GET https://registry.npmjs.org/mime
135 verbose request uri https://registry.npmjs.org/mkdirp
136 verbose request no auth needed
137 info attempt registry request try #1 at 7:26:33 PM
138 verbose etag "EMQ8PDBIM3G5UV3HW7I9JZGH2"
139 http request GET https://registry.npmjs.org/mkdirp
140 verbose request uri https://registry.npmjs.org/source-map
141 verbose request no auth needed
142 info attempt registry request try #1 at 7:26:33 PM
143 verbose etag "38NX2KTLFWYBSQOWRILU8P0Z2"
144 http request GET https://registry.npmjs.org/source-map
145 http 200 https://registry.npmjs.org/errno
146 verbose headers { server: 'CouchDB/1.5.0 (Erlang OTP/R16B03)',
146 verbose headers   etag: '"BLSZHPIDVEJPXLGQRC0ZRJTKA"',
146 verbose headers   'content-type': 'application/json',
146 verbose headers   'content-encoding': 'gzip',
146 verbose headers   'cache-control': 'max-age=300',
146 verbose headers   'content-length': '3952',
146 verbose headers   'accept-ranges': 'bytes',
146 verbose headers   date: 'Wed, 07 Sep 2016 02:26:32 GMT',
146 verbose headers   via: '1.1 varnish',
146 verbose headers   age: '230',
146 verbose headers   connection: 'keep-alive',
146 verbose headers   'x-served-by': 'cache-sea1925-SEA',
146 verbose headers   'x-cache': 'HIT',
146 verbose headers   'x-cache-hits': '5',
146 verbose headers   'x-timer': 'S1473215192.143348,VS0,VE0',
146 verbose headers   vary: 'Accept-Encoding' }
147 silly get cb [ 200,
147 silly get   { server: 'CouchDB/1.5.0 (Erlang OTP/R16B03)',
147 silly get     etag: '"BLSZHPIDVEJPXLGQRC0ZRJTKA"',
147 silly get     'content-type': 'application/json',
147 silly get     'content-encoding': 'gzip',
147 silly get     'cache-control': 'max-age=300',
147 silly get     'content-length': '3952',
147 silly get     'accept-ranges': 'bytes',
147 silly get     date: 'Wed, 07 Sep 2016 02:26:32 GMT',
147 silly get     via: '1.1 varnish',
147 silly get     age: '230',
147 silly get     connection: 'keep-alive',
147 silly get     'x-served-by': 'cache-sea1925-SEA',
147 silly get     'x-cache': 'HIT',
147 silly get     'x-cache-hits': '5',
147 silly get     'x-timer': 'S1473215192.143348,VS0,VE0',
147 silly get     vary: 'Accept-Encoding' } ]
148 verbose get saving errno to /Users/SilentH/.npm/registry.npmjs.org/errno/.cache.json
149 verbose correctMkdir /Users/SilentH/.npm correctMkdir not in flight; initializing
150 silly resolveWithNewModule errno@0.1.4 checking installable status
151 silly cache add args [ 'errno@^0.1.1', null ]
152 verbose cache add spec errno@^0.1.1
153 silly cache add parsed spec Result {
153 silly cache add   raw: 'errno@^0.1.1',
153 silly cache add   scope: null,
153 silly cache add   escapedName: 'errno',
153 silly cache add   name: 'errno',
153 silly cache add   rawSpec: '^0.1.1',
153 silly cache add   spec: '>=0.1.1 <0.2.0',
153 silly cache add   type: 'range' }
154 silly addNamed errno@>=0.1.1 <0.2.0
155 verbose addNamed ">=0.1.1 <0.2.0" is a valid semver range for errno
156 silly addNameRange { name: 'errno', range: '>=0.1.1 <0.2.0', hasData: false }
157 silly mapToRegistry name errno
158 silly mapToRegistry using default registry
159 silly mapToRegistry registry https://registry.npmjs.org/
160 silly mapToRegistry data Result {
160 silly mapToRegistry   raw: 'errno',
160 silly mapToRegistry   scope: null,
160 silly mapToRegistry   escapedName: 'errno',
160 silly mapToRegistry   name: 'errno',
160 silly mapToRegistry   rawSpec: '',
160 silly mapToRegistry   spec: 'latest',
160 silly mapToRegistry   type: 'tag' }
161 silly mapToRegistry uri https://registry.npmjs.org/errno
162 verbose addNameRange registry:https://registry.npmjs.org/errno not in flight; fetching
163 verbose get https://registry.npmjs.org/errno not expired, no request
164 silly addNameRange number 2 { name: 'errno', range: '>=0.1.1 <0.2.0', hasData: true }
165 silly addNameRange versions [ 'errno',
165 silly addNameRange   [ '0.0.1',
165 silly addNameRange     '0.0.2',
165 silly addNameRange     '0.0.3',
165 silly addNameRange     '0.0.4',
165 silly addNameRange     '0.0.5',
165 silly addNameRange     '0.1.0',
165 silly addNameRange     '0.1.1',
165 silly addNameRange     '0.1.2',
165 silly addNameRange     '0.1.3',
165 silly addNameRange     '0.1.4' ] ]
166 silly addNamed errno@0.1.4
167 verbose addNamed "0.1.4" is a plain semver version for errno
168 silly mapToRegistry name errno
169 silly mapToRegistry using default registry
170 silly mapToRegistry registry https://registry.npmjs.org/
171 silly mapToRegistry data Result {
171 silly mapToRegistry   raw: 'errno',
171 silly mapToRegistry   scope: null,
171 silly mapToRegistry   escapedName: 'errno',
171 silly mapToRegistry   name: 'errno',
171 silly mapToRegistry   rawSpec: '',
171 silly mapToRegistry   spec: 'latest',
171 silly mapToRegistry   type: 'tag' }
172 silly mapToRegistry uri https://registry.npmjs.org/errno
173 verbose addRemoteTarball https://registry.npmjs.org/errno/-/errno-0.1.4.tgz not in flight; adding
174 verbose addRemoteTarball [ 'https://registry.npmjs.org/errno/-/errno-0.1.4.tgz',
174 verbose addRemoteTarball   'b896e23a9e5e8ba33871fc996abd3635fc9a1c7d' ]
175 info retry fetch attempt 1 at 7:26:33 PM
176 info attempt registry request try #1 at 7:26:33 PM
177 http fetch GET https://registry.npmjs.org/errno/-/errno-0.1.4.tgz
178 http fetch 200 https://registry.npmjs.org/errno/-/errno-0.1.4.tgz
179 silly fetchAndShaCheck shasum b896e23a9e5e8ba33871fc996abd3635fc9a1c7d
180 verbose addTmpTarball /var/folders/r6/1dn3hvvn1bj_hmdk2kb2x0jr0000gn/T/npm-6585-4e4a935b/registry.npmjs.org/errno/-/errno-0.1.4.tgz not in flight; adding
181 verbose addTmpTarball already have metadata; skipping unpack for errno@0.1.4
182 verbose correctMkdir /Users/SilentH/.npm correctMkdir not in flight; initializing
183 silly cache afterAdd errno@0.1.4
184 verbose afterAdd /Users/SilentH/.npm/errno/0.1.4/package/package.json not in flight; writing
185 verbose correctMkdir /Users/SilentH/.npm correctMkdir not in flight; initializing
186 verbose afterAdd /Users/SilentH/.npm/errno/0.1.4/package/package.json written
187 http 200 https://registry.npmjs.org/image-size
188 verbose headers { server: 'CouchDB/1.5.0 (Erlang OTP/R16B03)',
188 verbose headers   etag: '"C0459C4471145JY7V0ZJK7ZTQ"',
188 verbose headers   'content-type': 'application/json',
188 verbose headers   'content-encoding': 'gzip',
188 verbose headers   'cache-control': 'max-age=300',
188 verbose headers   'content-length': '5188',
188 verbose headers   'accept-ranges': 'bytes',
188 verbose headers   date: 'Wed, 07 Sep 2016 02:26:32 GMT',
188 verbose headers   via: '1.1 varnish',
188 verbose headers   age: '254',
188 verbose headers   connection: 'keep-alive',
188 verbose headers   'x-served-by': 'cache-sea1925-SEA',
188 verbose headers   'x-cache': 'HIT',
188 verbose headers   'x-cache-hits': '5',
188 verbose headers   'x-timer': 'S1473215192.263811,VS0,VE0',
188 verbose headers   vary: 'Accept-Encoding' }
189 silly get cb [ 200,
189 silly get   { server: 'CouchDB/1.5.0 (Erlang OTP/R16B03)',
189 silly get     etag: '"C0459C4471145JY7V0ZJK7ZTQ"',
189 silly get     'content-type': 'application/json',
189 silly get     'content-encoding': 'gzip',
189 silly get     'cache-control': 'max-age=300',
189 silly get     'content-length': '5188',
189 silly get     'accept-ranges': 'bytes',
189 silly get     date: 'Wed, 07 Sep 2016 02:26:32 GMT',
189 silly get     via: '1.1 varnish',
189 silly get     age: '254',
189 silly get     connection: 'keep-alive',
189 silly get     'x-served-by': 'cache-sea1925-SEA',
189 silly get     'x-cache': 'HIT',
189 silly get     'x-cache-hits': '5',
189 silly get     'x-timer': 'S1473215192.263811,VS0,VE0',
189 silly get     vary: 'Accept-Encoding' } ]
190 verbose get saving image-size to /Users/SilentH/.npm/registry.npmjs.org/image-size/.cache.json
191 verbose correctMkdir /Users/SilentH/.npm correctMkdir not in flight; initializing
192 http 304 https://registry.npmjs.org/mkdirp
193 verbose headers { date: 'Wed, 07 Sep 2016 02:26:32 GMT',
193 verbose headers   via: '1.1 varnish',
193 verbose headers   'cache-control': 'max-age=300',
193 verbose headers   etag: '"EMQ8PDBIM3G5UV3HW7I9JZGH2"',
193 verbose headers   age: '168',
193 verbose headers   connection: 'keep-alive',
193 verbose headers   'x-served-by': 'cache-sea1920-SEA',
193 verbose headers   'x-cache': 'HIT',
193 verbose headers   'x-cache-hits': '23',
193 verbose headers   'x-timer': 'S1473215192.272459,VS0,VE0',
193 verbose headers   vary: 'Accept-Encoding' }
194 silly get cb [ 304,
194 silly get   { date: 'Wed, 07 Sep 2016 02:26:32 GMT',
194 silly get     via: '1.1 varnish',
194 silly get     'cache-control': 'max-age=300',
194 silly get     etag: '"EMQ8PDBIM3G5UV3HW7I9JZGH2"',
194 silly get     age: '168',
194 silly get     connection: 'keep-alive',
194 silly get     'x-served-by': 'cache-sea1920-SEA',
194 silly get     'x-cache': 'HIT',
194 silly get     'x-cache-hits': '23',
194 silly get     'x-timer': 'S1473215192.272459,VS0,VE0',
194 silly get     vary: 'Accept-Encoding' } ]
195 verbose etag https://registry.npmjs.org/mkdirp from cache
196 verbose get saving mkdirp to /Users/SilentH/.npm/registry.npmjs.org/mkdirp/.cache.json
197 verbose correctMkdir /Users/SilentH/.npm correctMkdir not in flight; initializing
198 silly resolveWithNewModule image-size@0.5.0 checking installable status
199 silly cache add args [ 'image-size@~0.5.0', null ]
200 verbose cache add spec image-size@~0.5.0
201 silly cache add parsed spec Result {
201 silly cache add   raw: 'image-size@~0.5.0',
201 silly cache add   scope: null,
201 silly cache add   escapedName: 'image-size',
201 silly cache add   name: 'image-size',
201 silly cache add   rawSpec: '~0.5.0',
201 silly cache add   spec: '>=0.5.0 <0.6.0',
201 silly cache add   type: 'range' }
202 silly addNamed image-size@>=0.5.0 <0.6.0
203 verbose addNamed ">=0.5.0 <0.6.0" is a valid semver range for image-size
204 silly addNameRange { name: 'image-size', range: '>=0.5.0 <0.6.0', hasData: false }
205 silly mapToRegistry name image-size
206 silly mapToRegistry using default registry
207 silly mapToRegistry registry https://registry.npmjs.org/
208 silly mapToRegistry data Result {
208 silly mapToRegistry   raw: 'image-size',
208 silly mapToRegistry   scope: null,
208 silly mapToRegistry   escapedName: 'image-size',
208 silly mapToRegistry   name: 'image-size',
208 silly mapToRegistry   rawSpec: '',
208 silly mapToRegistry   spec: 'latest',
208 silly mapToRegistry   type: 'tag' }
209 silly mapToRegistry uri https://registry.npmjs.org/image-size
210 verbose addNameRange registry:https://registry.npmjs.org/image-size not in flight; fetching
211 http 304 https://registry.npmjs.org/source-map
212 verbose headers { date: 'Wed, 07 Sep 2016 02:26:32 GMT',
212 verbose headers   via: '1.1 varnish',
212 verbose headers   'cache-control': 'max-age=300',
212 verbose headers   etag: '"38NX2KTLFWYBSQOWRILU8P0Z2"',
212 verbose headers   age: '283',
212 verbose headers   connection: 'keep-alive',
212 verbose headers   'x-served-by': 'cache-sea1925-SEA',
212 verbose headers   'x-cache': 'HIT',
212 verbose headers   'x-cache-hits': '47',
212 verbose headers   'x-timer': 'S1473215192.276249,VS0,VE0',
212 verbose headers   vary: 'Accept-Encoding' }
213 silly get cb [ 304,
213 silly get   { date: 'Wed, 07 Sep 2016 02:26:32 GMT',
213 silly get     via: '1.1 varnish',
213 silly get     'cache-control': 'max-age=300',
213 silly get     etag: '"38NX2KTLFWYBSQOWRILU8P0Z2"',
213 silly get     age: '283',
213 silly get     connection: 'keep-alive',
213 silly get     'x-served-by': 'cache-sea1925-SEA',
213 silly get     'x-cache': 'HIT',
213 silly get     'x-cache-hits': '47',
213 silly get     'x-timer': 'S1473215192.276249,VS0,VE0',
213 silly get     vary: 'Accept-Encoding' } ]
214 verbose etag https://registry.npmjs.org/source-map from cache
215 verbose get saving source-map to /Users/SilentH/.npm/registry.npmjs.org/source-map/.cache.json
216 verbose correctMkdir /Users/SilentH/.npm correctMkdir not in flight; initializing
217 http 200 https://registry.npmjs.org/graceful-fs
218 verbose headers { server: 'CouchDB/1.5.0 (Erlang OTP/R16B03)',
218 verbose headers   etag: '"E8WS21QMERKRMYUT9S7GACPGW"',
218 verbose headers   'content-type': 'application/json',
218 verbose headers   'content-encoding': 'gzip',
218 verbose headers   'cache-control': 'max-age=300',
218 verbose headers   'content-length': '9122',
218 verbose headers   'accept-ranges': 'bytes',
218 verbose headers   date: 'Wed, 07 Sep 2016 02:26:32 GMT',
218 verbose headers   via: '1.1 varnish',
218 verbose headers   age: '202',
218 verbose headers   connection: 'keep-alive',
218 verbose headers   'x-served-by': 'cache-sea1920-SEA',
218 verbose headers   'x-cache': 'HIT',
218 verbose headers   'x-cache-hits': '36',
218 verbose headers   'x-timer': 'S1473215192.268417,VS0,VE0',
218 verbose headers   vary: 'Accept-Encoding' }
219 silly get cb [ 200,
219 silly get   { server: 'CouchDB/1.5.0 (Erlang OTP/R16B03)',
219 silly get     etag: '"E8WS21QMERKRMYUT9S7GACPGW"',
219 silly get     'content-type': 'application/json',
219 silly get     'content-encoding': 'gzip',
219 silly get     'cache-control': 'max-age=300',
219 silly get     'content-length': '9122',
219 silly get     'accept-ranges': 'bytes',
219 silly get     date: 'Wed, 07 Sep 2016 02:26:32 GMT',
219 silly get     via: '1.1 varnish',
219 silly get     age: '202',
219 silly get     connection: 'keep-alive',
219 silly get     'x-served-by': 'cache-sea1920-SEA',
219 silly get     'x-cache': 'HIT',
219 silly get     'x-cache-hits': '36',
219 silly get     'x-timer': 'S1473215192.268417,VS0,VE0',
219 silly get     vary: 'Accept-Encoding' } ]
220 verbose get saving graceful-fs to /Users/SilentH/.npm/registry.npmjs.org/graceful-fs/.cache.json
221 verbose correctMkdir /Users/SilentH/.npm correctMkdir not in flight; initializing
222 http 200 https://registry.npmjs.org/mime
223 verbose headers { server: 'CouchDB/1.5.0 (Erlang OTP/R16B03)',
223 verbose headers   etag: '"CN1SHKG41FBSMKL3UY6B19462"',
223 verbose headers   'content-type': 'application/json',
223 verbose headers   'content-encoding': 'gzip',
223 verbose headers   'cache-control': 'max-age=300',
223 verbose headers   'content-length': '4385',
223 verbose headers   'accept-ranges': 'bytes',
223 verbose headers   date: 'Wed, 07 Sep 2016 02:26:32 GMT',
223 verbose headers   via: '1.1 varnish',
223 verbose headers   age: '116',
223 verbose headers   connection: 'keep-alive',
223 verbose headers   'x-served-by': 'cache-sea1924-SEA',
223 verbose headers   'x-cache': 'HIT',
223 verbose headers   'x-cache-hits': '8',
223 verbose headers   'x-timer': 'S1473215192.272425,VS0,VE0',
223 verbose headers   vary: 'Accept-Encoding' }
224 silly get cb [ 200,
224 silly get   { server: 'CouchDB/1.5.0 (Erlang OTP/R16B03)',
224 silly get     etag: '"CN1SHKG41FBSMKL3UY6B19462"',
224 silly get     'content-type': 'application/json',
224 silly get     'content-encoding': 'gzip',
224 silly get     'cache-control': 'max-age=300',
224 silly get     'content-length': '4385',
224 silly get     'accept-ranges': 'bytes',
224 silly get     date: 'Wed, 07 Sep 2016 02:26:32 GMT',
224 silly get     via: '1.1 varnish',
224 silly get     age: '116',
224 silly get     connection: 'keep-alive',
224 silly get     'x-served-by': 'cache-sea1924-SEA',
224 silly get     'x-cache': 'HIT',
224 silly get     'x-cache-hits': '8',
224 silly get     'x-timer': 'S1473215192.272425,VS0,VE0',
224 silly get     vary: 'Accept-Encoding' } ]
225 verbose get saving mime to /Users/SilentH/.npm/registry.npmjs.org/mime/.cache.json
226 verbose correctMkdir /Users/SilentH/.npm correctMkdir not in flight; initializing
227 verbose get https://registry.npmjs.org/image-size not expired, no request
228 silly addNameRange number 2 { name: 'image-size', range: '>=0.5.0 <0.6.0', hasData: true }
229 silly addNameRange versions [ 'image-size',
229 silly addNameRange   [ '0.0.2',
229 silly addNameRange     '0.0.3',
229 silly addNameRange     '0.0.5',
229 silly addNameRange     '0.1.0',
229 silly addNameRange     '0.1.1',
229 silly addNameRange     '0.1.2',
229 silly addNameRange     '0.1.3',
229 silly addNameRange     '0.1.4',
229 silly addNameRange     '0.1.5',
229 silly addNameRange     '0.1.6',
229 silly addNameRange     '0.1.7',
229 silly addNameRange     '0.1.10',
229 silly addNameRange     '0.1.15',
229 silly addNameRange     '0.0.16',
229 silly addNameRange     '0.1.16',
229 silly addNameRange     '0.1.17',
229 silly addNameRange     '0.1.20',
229 silly addNameRange     '0.2.1',
229 silly addNameRange     '0.2.2',
229 silly addNameRange     '0.2.3',
229 silly addNameRange     '0.2.4',
229 silly addNameRange     '0.2.5',
229 silly addNameRange     '0.3.0',
229 silly addNameRange     '0.3.1',
229 silly addNameRange     '0.3.2',
229 silly addNameRange     '0.3.3',
229 silly addNameRange     '0.3.5',
229 silly addNameRange     '0.4.0',
229 silly addNameRange     '0.5.0' ] ]
230 silly addNamed image-size@0.5.0
231 verbose addNamed "0.5.0" is a plain semver version for image-size
232 http 200 https://registry.npmjs.org/promise
233 verbose headers { server: 'CouchDB/1.5.0 (Erlang OTP/R16B03)',
233 verbose headers   etag: '"8RS3HVLMO791TRYCTYBSVV7P5"',
233 verbose headers   'content-type': 'application/json',
233 verbose headers   'content-encoding': 'gzip',
233 verbose headers   'cache-control': 'max-age=300',
233 verbose headers   'content-length': '7738',
233 verbose headers   'accept-ranges': 'bytes',
233 verbose headers   date: 'Wed, 07 Sep 2016 02:26:32 GMT',
233 verbose headers   via: '1.1 varnish',
233 verbose headers   age: '27',
233 verbose headers   connection: 'keep-alive',
233 verbose headers   'x-served-by': 'cache-sea1925-SEA',
233 verbose headers   'x-cache': 'HIT',
233 verbose headers   'x-cache-hits': '1',
233 verbose headers   'x-timer': 'S1473215192.272426,VS0,VE0',
233 verbose headers   vary: 'Accept-Encoding' }
234 silly get cb [ 200,
234 silly get   { server: 'CouchDB/1.5.0 (Erlang OTP/R16B03)',
234 silly get     etag: '"8RS3HVLMO791TRYCTYBSVV7P5"',
234 silly get     'content-type': 'application/json',
234 silly get     'content-encoding': 'gzip',
234 silly get     'cache-control': 'max-age=300',
234 silly get     'content-length': '7738',
234 silly get     'accept-ranges': 'bytes',
234 silly get     date: 'Wed, 07 Sep 2016 02:26:32 GMT',
234 silly get     via: '1.1 varnish',
234 silly get     age: '27',
234 silly get     connection: 'keep-alive',
234 silly get     'x-served-by': 'cache-sea1925-SEA',
234 silly get     'x-cache': 'HIT',
234 silly get     'x-cache-hits': '1',
234 silly get     'x-timer': 'S1473215192.272426,VS0,VE0',
234 silly get     vary: 'Accept-Encoding' } ]
235 verbose get saving promise to /Users/SilentH/.npm/registry.npmjs.org/promise/.cache.json
236 verbose correctMkdir /Users/SilentH/.npm correctMkdir not in flight; initializing
237 silly mapToRegistry name image-size
238 silly mapToRegistry using default registry
239 silly mapToRegistry registry https://registry.npmjs.org/
240 silly mapToRegistry data Result {
240 silly mapToRegistry   raw: 'image-size',
240 silly mapToRegistry   scope: null,
240 silly mapToRegistry   escapedName: 'image-size',
240 silly mapToRegistry   name: 'image-size',
240 silly mapToRegistry   rawSpec: '',
240 silly mapToRegistry   spec: 'latest',
240 silly mapToRegistry   type: 'tag' }
241 silly mapToRegistry uri https://registry.npmjs.org/image-size
242 verbose addRemoteTarball https://registry.npmjs.org/image-size/-/image-size-0.5.0.tgz not in flight; adding
243 verbose addRemoteTarball [ 'https://registry.npmjs.org/image-size/-/image-size-0.5.0.tgz',
243 verbose addRemoteTarball   'be7aed1c37b5ac3d9ba1d66a24b4c47ff8397651' ]
244 silly resolveWithNewModule mkdirp@0.5.1 checking installable status
245 silly cache add args [ 'mkdirp@^0.5.0', null ]
246 verbose cache add spec mkdirp@^0.5.0
247 silly cache add parsed spec Result {
247 silly cache add   raw: 'mkdirp@^0.5.0',
247 silly cache add   scope: null,
247 silly cache add   escapedName: 'mkdirp',
247 silly cache add   name: 'mkdirp',
247 silly cache add   rawSpec: '^0.5.0',
247 silly cache add   spec: '>=0.5.0 <0.6.0',
247 silly cache add   type: 'range' }
248 silly addNamed mkdirp@>=0.5.0 <0.6.0
249 verbose addNamed ">=0.5.0 <0.6.0" is a valid semver range for mkdirp
250 silly addNameRange { name: 'mkdirp', range: '>=0.5.0 <0.6.0', hasData: false }
251 silly mapToRegistry name mkdirp
252 silly mapToRegistry using default registry
253 silly mapToRegistry registry https://registry.npmjs.org/
254 silly mapToRegistry data Result {
254 silly mapToRegistry   raw: 'mkdirp',
254 silly mapToRegistry   scope: null,
254 silly mapToRegistry   escapedName: 'mkdirp',
254 silly mapToRegistry   name: 'mkdirp',
254 silly mapToRegistry   rawSpec: '',
254 silly mapToRegistry   spec: 'latest',
254 silly mapToRegistry   type: 'tag' }
255 silly mapToRegistry uri https://registry.npmjs.org/mkdirp
256 verbose addNameRange registry:https://registry.npmjs.org/mkdirp not in flight; fetching
257 info retry fetch attempt 1 at 7:26:33 PM
258 info attempt registry request try #1 at 7:26:33 PM
259 http fetch GET https://registry.npmjs.org/image-size/-/image-size-0.5.0.tgz
260 silly resolveWithNewModule source-map@0.5.6 checking installable status
261 silly cache add args [ 'source-map@^0.5.3', null ]
262 verbose cache add spec source-map@^0.5.3
263 silly cache add parsed spec Result {
263 silly cache add   raw: 'source-map@^0.5.3',
263 silly cache add   scope: null,
263 silly cache add   escapedName: 'source-map',
263 silly cache add   name: 'source-map',
263 silly cache add   rawSpec: '^0.5.3',
263 silly cache add   spec: '>=0.5.3 <0.6.0',
263 silly cache add   type: 'range' }
264 silly addNamed source-map@>=0.5.3 <0.6.0
265 verbose addNamed ">=0.5.3 <0.6.0" is a valid semver range for source-map
266 silly addNameRange { name: 'source-map', range: '>=0.5.3 <0.6.0', hasData: false }
267 silly mapToRegistry name source-map
268 silly mapToRegistry using default registry
269 silly mapToRegistry registry https://registry.npmjs.org/
270 silly mapToRegistry data Result {
270 silly mapToRegistry   raw: 'source-map',
270 silly mapToRegistry   scope: null,
270 silly mapToRegistry   escapedName: 'source-map',
270 silly mapToRegistry   name: 'source-map',
270 silly mapToRegistry   rawSpec: '',
270 silly mapToRegistry   spec: 'latest',
270 silly mapToRegistry   type: 'tag' }
271 silly mapToRegistry uri https://registry.npmjs.org/source-map
272 verbose addNameRange registry:https://registry.npmjs.org/source-map not in flight; fetching
273 verbose get https://registry.npmjs.org/mkdirp not expired, no request
274 silly addNameRange number 2 { name: 'mkdirp', range: '>=0.5.0 <0.6.0', hasData: true }
275 silly addNameRange versions [ 'mkdirp',
275 silly addNameRange   [ '0.0.1',
275 silly addNameRange     '0.0.2',
275 silly addNameRange     '0.0.3',
275 silly addNameRange     '0.0.4',
275 silly addNameRange     '0.0.5',
275 silly addNameRange     '0.0.6',
275 silly addNameRange     '0.0.7',
275 silly addNameRange     '0.1.0',
275 silly addNameRange     '0.2.0',
275 silly addNameRange     '0.2.1',
275 silly addNameRange     '0.2.2',
275 silly addNameRange     '0.3.0',
275 silly addNameRange     '0.3.1',
275 silly addNameRange     '0.3.2',
275 silly addNameRange     '0.3.3',
275 silly addNameRange     '0.3.4',
275 silly addNameRange     '0.3.5',
275 silly addNameRange     '0.4.0',
275 silly addNameRange     '0.4.1',
275 silly addNameRange     '0.4.2',
275 silly addNameRange     '0.5.0',
275 silly addNameRange     '0.5.1' ] ]
276 silly addNamed mkdirp@0.5.1
277 verbose addNamed "0.5.1" is a plain semver version for mkdirp
278 silly resolveWithNewModule mime@1.3.4 checking installable status
279 silly cache add args [ 'mime@^1.2.11', null ]
280 verbose cache add spec mime@^1.2.11
281 silly cache add parsed spec Result {
281 silly cache add   raw: 'mime@^1.2.11',
281 silly cache add   scope: null,
281 silly cache add   escapedName: 'mime',
281 silly cache add   name: 'mime',
281 silly cache add   rawSpec: '^1.2.11',
281 silly cache add   spec: '>=1.2.11 <2.0.0',
281 silly cache add   type: 'range' }
282 silly addNamed mime@>=1.2.11 <2.0.0
283 verbose addNamed ">=1.2.11 <2.0.0" is a valid semver range for mime
284 silly addNameRange { name: 'mime', range: '>=1.2.11 <2.0.0', hasData: false }
285 silly mapToRegistry name mime
286 silly mapToRegistry using default registry
287 silly mapToRegistry registry https://registry.npmjs.org/
288 silly mapToRegistry data Result {
288 silly mapToRegistry   raw: 'mime',
288 silly mapToRegistry   scope: null,
288 silly mapToRegistry   escapedName: 'mime',
288 silly mapToRegistry   name: 'mime',
288 silly mapToRegistry   rawSpec: '',
288 silly mapToRegistry   spec: 'latest',
288 silly mapToRegistry   type: 'tag' }
289 silly mapToRegistry uri https://registry.npmjs.org/mime
290 verbose addNameRange registry:https://registry.npmjs.org/mime not in flight; fetching
291 verbose get https://registry.npmjs.org/source-map not expired, no request
292 silly addNameRange number 2 { name: 'source-map', range: '>=0.5.3 <0.6.0', hasData: true }
293 silly addNameRange versions [ 'source-map',
293 silly addNameRange   [ '0.0.0',
293 silly addNameRange     '0.1.0',
293 silly addNameRange     '0.1.1',
293 silly addNameRange     '0.1.2',
293 silly addNameRange     '0.1.3',
293 silly addNameRange     '0.1.4',
293 silly addNameRange     '0.1.5',
293 silly addNameRange     '0.1.6',
293 silly addNameRange     '0.1.7',
293 silly addNameRange     '0.1.8',
293 silly addNameRange     '0.1.9',
293 silly addNameRange     '0.1.10',
293 silly addNameRange     '0.1.11',
293 silly addNameRange     '0.1.12',
293 silly addNameRange     '0.1.13',
293 silly addNameRange     '0.1.14',
293 silly addNameRange     '0.1.15',
293 silly addNameRange     '0.1.16',
293 silly addNameRange     '0.1.17',
293 silly addNameRange     '0.1.18',
293 silly addNameRange     '0.1.19',
293 silly addNameRange     '0.1.20',
293 silly addNameRange     '0.1.21',
293 silly addNameRange     '0.1.22',
293 silly addNameRange     '0.1.23',
293 silly addNameRange     '0.1.24',
293 silly addNameRange     '0.1.25',
293 silly addNameRange     '0.1.26',
293 silly addNameRange     '0.1.27',
293 silly addNameRange     '0.1.28',
293 silly addNameRange     '0.1.29',
293 silly addNameRange     '0.1.30',
293 silly addNameRange     '0.1.31',
293 silly addNameRange     '0.1.32',
293 silly addNameRange     '0.1.33',
293 silly addNameRange     '0.1.34',
293 silly addNameRange     '0.1.35',
293 silly addNameRange     '0.1.36',
293 silly addNameRange     '0.1.37',
293 silly addNameRange     '0.1.38',
293 silly addNameRange     '0.1.39',
293 silly addNameRange     '0.1.40',
293 silly addNameRange     '0.1.41',
293 silly addNameRange     '0.1.42',
293 silly addNameRange     '0.1.43',
293 silly addNameRange     '0.2.0',
293 silly addNameRange     '0.3.0',
293 silly addNameRange     '0.4.0',
293 silly addNameRange     '0.4.1',
293 silly addNameRange     '0.4.2',
293 silly addNameRange     '0.4.3',
293 silly addNameRange     '0.4.4',
293 silly addNameRange     '0.5.0',
293 silly addNameRange     '0.5.1',
293 silly addNameRange     '0.5.2',
293 silly addNameRange     '0.5.3',
293 silly addNameRange     '0.5.4',
293 silly addNameRange     '0.5.5',
293 silly addNameRange     '0.5.6' ] ]
294 silly addNamed source-map@0.5.6
295 verbose addNamed "0.5.6" is a plain semver version for source-map
296 silly resolveWithNewModule graceful-fs@4.1.6 checking installable status
297 silly cache add args [ 'graceful-fs@^4.1.2', null ]
298 verbose cache add spec graceful-fs@^4.1.2
299 silly cache add parsed spec Result {
299 silly cache add   raw: 'graceful-fs@^4.1.2',
299 silly cache add   scope: null,
299 silly cache add   escapedName: 'graceful-fs',
299 silly cache add   name: 'graceful-fs',
299 silly cache add   rawSpec: '^4.1.2',
299 silly cache add   spec: '>=4.1.2 <5.0.0',
299 silly cache add   type: 'range' }
300 silly addNamed graceful-fs@>=4.1.2 <5.0.0
301 verbose addNamed ">=4.1.2 <5.0.0" is a valid semver range for graceful-fs
302 silly addNameRange { name: 'graceful-fs', range: '>=4.1.2 <5.0.0', hasData: false }
303 silly mapToRegistry name graceful-fs
304 silly mapToRegistry using default registry
305 silly mapToRegistry registry https://registry.npmjs.org/
306 silly mapToRegistry data Result {
306 silly mapToRegistry   raw: 'graceful-fs',
306 silly mapToRegistry   scope: null,
306 silly mapToRegistry   escapedName: 'graceful-fs',
306 silly mapToRegistry   name: 'graceful-fs',
306 silly mapToRegistry   rawSpec: '',
306 silly mapToRegistry   spec: 'latest',
306 silly mapToRegistry   type: 'tag' }
307 silly mapToRegistry uri https://registry.npmjs.org/graceful-fs
308 verbose addNameRange registry:https://registry.npmjs.org/graceful-fs not in flight; fetching
309 silly mapToRegistry name source-map
310 silly mapToRegistry using default registry
311 silly mapToRegistry registry https://registry.npmjs.org/
312 silly mapToRegistry data Result {
312 silly mapToRegistry   raw: 'source-map',
312 silly mapToRegistry   scope: null,
312 silly mapToRegistry   escapedName: 'source-map',
312 silly mapToRegistry   name: 'source-map',
312 silly mapToRegistry   rawSpec: '',
312 silly mapToRegistry   spec: 'latest',
312 silly mapToRegistry   type: 'tag' }
313 silly mapToRegistry uri https://registry.npmjs.org/source-map
314 verbose addRemoteTarball https://registry.npmjs.org/source-map/-/source-map-0.5.6.tgz not in flight; adding
315 verbose addRemoteTarball [ 'https://registry.npmjs.org/source-map/-/source-map-0.5.6.tgz',
315 verbose addRemoteTarball   '75ce38f52bf0733c5a7f0c118d81334a2bb5f412' ]
316 silly resolveWithNewModule promise@7.1.1 checking installable status
317 silly cache add args [ 'promise@^7.1.1', null ]
318 verbose cache add spec promise@^7.1.1
319 silly cache add parsed spec Result {
319 silly cache add   raw: 'promise@^7.1.1',
319 silly cache add   scope: null,
319 silly cache add   escapedName: 'promise',
319 silly cache add   name: 'promise',
319 silly cache add   rawSpec: '^7.1.1',
319 silly cache add   spec: '>=7.1.1 <8.0.0',
319 silly cache add   type: 'range' }
320 silly addNamed promise@>=7.1.1 <8.0.0
321 verbose addNamed ">=7.1.1 <8.0.0" is a valid semver range for promise
322 silly addNameRange { name: 'promise', range: '>=7.1.1 <8.0.0', hasData: false }
323 silly mapToRegistry name promise
324 silly mapToRegistry using default registry
325 silly mapToRegistry registry https://registry.npmjs.org/
326 silly mapToRegistry data Result {
326 silly mapToRegistry   raw: 'promise',
326 silly mapToRegistry   scope: null,
326 silly mapToRegistry   escapedName: 'promise',
326 silly mapToRegistry   name: 'promise',
326 silly mapToRegistry   rawSpec: '',
326 silly mapToRegistry   spec: 'latest',
326 silly mapToRegistry   type: 'tag' }
327 silly mapToRegistry uri https://registry.npmjs.org/promise
328 verbose addNameRange registry:https://registry.npmjs.org/promise not in flight; fetching
329 verbose get https://registry.npmjs.org/mime not expired, no request
330 silly addNameRange number 2 { name: 'mime', range: '>=1.2.11 <2.0.0', hasData: true }
331 silly addNameRange versions [ 'mime',
331 silly addNameRange   [ '1.0.0',
331 silly addNameRange     '1.1.0',
331 silly addNameRange     '1.2.1',
331 silly addNameRange     '1.2.2',
331 silly addNameRange     '1.2.3',
331 silly addNameRange     '1.2.4',
331 silly addNameRange     '1.2.5',
331 silly addNameRange     '1.2.6',
331 silly addNameRange     '1.2.7',
331 silly addNameRange     '1.2.8',
331 silly addNameRange     '1.2.9',
331 silly addNameRange     '1.2.10',
331 silly addNameRange     '1.2.11',
331 silly addNameRange     '1.3.0',
331 silly addNameRange     '1.3.2',
331 silly addNameRange     '1.3.3',
331 silly addNameRange     '1.3.4' ] ]
332 silly addNamed mime@1.3.4
333 verbose addNamed "1.3.4" is a plain semver version for mime
334 verbose get https://registry.npmjs.org/graceful-fs not expired, no request
335 silly addNameRange number 2 { name: 'graceful-fs', range: '>=4.1.2 <5.0.0', hasData: true }
336 silly addNameRange versions [ 'graceful-fs',
336 silly addNameRange   [ '1.0.0',
336 silly addNameRange     '1.0.1',
336 silly addNameRange     '1.0.2',
336 silly addNameRange     '1.1.0',
336 silly addNameRange     '1.1.1',
336 silly addNameRange     '1.1.2',
336 silly addNameRange     '1.1.3',
336 silly addNameRange     '1.1.4',
336 silly addNameRange     '1.1.5',
336 silly addNameRange     '1.1.6',
336 silly addNameRange     '1.1.7',
336 silly addNameRange     '1.1.8',
336 silly addNameRange     '1.1.9',
336 silly addNameRange     '1.1.10',
336 silly addNameRange     '1.1.11',
336 silly addNameRange     '1.1.12',
336 silly addNameRange     '1.1.13',
336 silly addNameRange     '1.1.14',
336 silly addNameRange     '1.2.0',
336 silly addNameRange     '1.2.1',
336 silly addNameRange     '1.2.2',
336 silly addNameRange     '1.2.3',
336 silly addNameRange     '2.0.0',
336 silly addNameRange     '2.0.1',
336 silly addNameRange     '2.0.2',
336 silly addNameRange     '2.0.3',
336 silly addNameRange     '3.0.0',
336 silly addNameRange     '3.0.1',
336 silly addNameRange     '3.0.2',
336 silly addNameRange     '3.0.3',
336 silly addNameRange     '3.0.4',
336 silly addNameRange     '3.0.5',
336 silly addNameRange     '3.0.6',
336 silly addNameRange     '3.0.7',
336 silly addNameRange     '3.0.8',
336 silly addNameRange     '4.1.0',
336 silly addNameRange     '4.1.1',
336 silly addNameRange     '4.1.2',
336 silly addNameRange     '4.1.3',
336 silly addNameRange     '4.1.4',
336 silly addNameRange     '4.1.5',
336 silly addNameRange     '3.0.9',
336 silly addNameRange     '4.1.6',
336 silly addNameRange     '3.0.10',
336 silly addNameRange     '3.0.11' ] ]
337 silly addNamed graceful-fs@4.1.6
338 verbose addNamed "4.1.6" is a plain semver version for graceful-fs
339 info retry fetch attempt 1 at 7:26:33 PM
340 info attempt registry request try #1 at 7:26:33 PM
341 http fetch GET https://registry.npmjs.org/source-map/-/source-map-0.5.6.tgz
342 silly cache afterAdd mkdirp@0.5.1
343 verbose afterAdd /Users/SilentH/.npm/mkdirp/0.5.1/package/package.json not in flight; writing
344 verbose correctMkdir /Users/SilentH/.npm correctMkdir not in flight; initializing
345 silly mapToRegistry name graceful-fs
346 silly mapToRegistry using default registry
347 silly mapToRegistry registry https://registry.npmjs.org/
348 silly mapToRegistry data Result {
348 silly mapToRegistry   raw: 'graceful-fs',
348 silly mapToRegistry   scope: null,
348 silly mapToRegistry   escapedName: 'graceful-fs',
348 silly mapToRegistry   name: 'graceful-fs',
348 silly mapToRegistry   rawSpec: '',
348 silly mapToRegistry   spec: 'latest',
348 silly mapToRegistry   type: 'tag' }
349 silly mapToRegistry uri https://registry.npmjs.org/graceful-fs
350 verbose addRemoteTarball https://registry.npmjs.org/graceful-fs/-/graceful-fs-4.1.6.tgz not in flight; adding
351 verbose addRemoteTarball [ 'https://registry.npmjs.org/graceful-fs/-/graceful-fs-4.1.6.tgz',
351 verbose addRemoteTarball   '514c38772b31bee2e08bedc21a0aeb3abf54c19e' ]
352 verbose get https://registry.npmjs.org/promise not expired, no request
353 silly addNameRange number 2 { name: 'promise', range: '>=7.1.1 <8.0.0', hasData: true }
354 silly addNameRange versions [ 'promise',
354 silly addNameRange   [ '1.2.1',
354 silly addNameRange     '1.2.2',
354 silly addNameRange     '1.3.0',
354 silly addNameRange     '2.0.0',
354 silly addNameRange     '3.0.0',
354 silly addNameRange     '3.0.1',
354 silly addNameRange     '3.1.0',
354 silly addNameRange     '3.2.0',
354 silly addNameRange     '4.0.0',
354 silly addNameRange     '5.0.0',
354 silly addNameRange     '6.0.0',
354 silly addNameRange     '6.0.1',
354 silly addNameRange     '6.1.0',
354 silly addNameRange     '7.0.0',
354 silly addNameRange     '7.0.1',
354 silly addNameRange     '7.0.2',
354 silly addNameRange     '7.0.3',
354 silly addNameRange     '7.0.4',
354 silly addNameRange     '7.1.0',
354 silly addNameRange     '7.1.1' ] ]
355 silly addNamed promise@7.1.1
356 verbose addNamed "7.1.1" is a plain semver version for promise
357 silly mapToRegistry name promise
358 silly mapToRegistry using default registry
359 silly mapToRegistry registry https://registry.npmjs.org/
360 silly mapToRegistry data Result {
360 silly mapToRegistry   raw: 'promise',
360 silly mapToRegistry   scope: null,
360 silly mapToRegistry   escapedName: 'promise',
360 silly mapToRegistry   name: 'promise',
360 silly mapToRegistry   rawSpec: '',
360 silly mapToRegistry   spec: 'latest',
360 silly mapToRegistry   type: 'tag' }
361 silly mapToRegistry uri https://registry.npmjs.org/promise
362 verbose addRemoteTarball https://registry.npmjs.org/promise/-/promise-7.1.1.tgz not in flight; adding
363 verbose addRemoteTarball [ 'https://registry.npmjs.org/promise/-/promise-7.1.1.tgz',
363 verbose addRemoteTarball   '489654c692616b8aa55b0724fa809bb7db49c5bf' ]
364 info retry fetch attempt 1 at 7:26:33 PM
365 info attempt registry request try #1 at 7:26:33 PM
366 http fetch GET https://registry.npmjs.org/graceful-fs/-/graceful-fs-4.1.6.tgz
367 verbose afterAdd /Users/SilentH/.npm/mkdirp/0.5.1/package/package.json written
368 silly cache afterAdd mime@1.3.4
369 verbose afterAdd /Users/SilentH/.npm/mime/1.3.4/package/package.json not in flight; writing
370 verbose correctMkdir /Users/SilentH/.npm correctMkdir not in flight; initializing
371 info retry fetch attempt 1 at 7:26:33 PM
372 info attempt registry request try #1 at 7:26:33 PM
373 http fetch GET https://registry.npmjs.org/promise/-/promise-7.1.1.tgz
374 verbose afterAdd /Users/SilentH/.npm/mime/1.3.4/package/package.json written
375 http fetch 200 https://registry.npmjs.org/image-size/-/image-size-0.5.0.tgz
376 silly fetchAndShaCheck shasum be7aed1c37b5ac3d9ba1d66a24b4c47ff8397651
377 verbose addTmpTarball /var/folders/r6/1dn3hvvn1bj_hmdk2kb2x0jr0000gn/T/npm-6585-4e4a935b/registry.npmjs.org/image-size/-/image-size-0.5.0.tgz not in flight; adding
378 verbose addTmpTarball already have metadata; skipping unpack for image-size@0.5.0
379 verbose correctMkdir /Users/SilentH/.npm correctMkdir not in flight; initializing
380 silly cache afterAdd image-size@0.5.0
381 verbose afterAdd /Users/SilentH/.npm/image-size/0.5.0/package/package.json not in flight; writing
382 verbose correctMkdir /Users/SilentH/.npm correctMkdir not in flight; initializing
383 verbose afterAdd /Users/SilentH/.npm/image-size/0.5.0/package/package.json written
384 http fetch 200 https://registry.npmjs.org/source-map/-/source-map-0.5.6.tgz
385 http fetch 200 https://registry.npmjs.org/promise/-/promise-7.1.1.tgz
386 http fetch 200 https://registry.npmjs.org/graceful-fs/-/graceful-fs-4.1.6.tgz
387 silly fetchAndShaCheck shasum 514c38772b31bee2e08bedc21a0aeb3abf54c19e
388 verbose addTmpTarball /var/folders/r6/1dn3hvvn1bj_hmdk2kb2x0jr0000gn/T/npm-6585-4e4a935b/registry.npmjs.org/graceful-fs/-/graceful-fs-4.1.6.tgz not in flight; adding
389 verbose addTmpTarball already have metadata; skipping unpack for graceful-fs@4.1.6
390 verbose correctMkdir /Users/SilentH/.npm correctMkdir not in flight; initializing
391 silly cache afterAdd graceful-fs@4.1.6
392 verbose afterAdd /Users/SilentH/.npm/graceful-fs/4.1.6/package/package.json not in flight; writing
393 verbose correctMkdir /Users/SilentH/.npm correctMkdir not in flight; initializing
394 verbose afterAdd /Users/SilentH/.npm/graceful-fs/4.1.6/package/package.json written
395 silly fetchAndShaCheck shasum 489654c692616b8aa55b0724fa809bb7db49c5bf
396 verbose addTmpTarball /var/folders/r6/1dn3hvvn1bj_hmdk2kb2x0jr0000gn/T/npm-6585-4e4a935b/registry.npmjs.org/promise/-/promise-7.1.1.tgz not in flight; adding
397 verbose addTmpTarball already have metadata; skipping unpack for promise@7.1.1
398 verbose correctMkdir /Users/SilentH/.npm correctMkdir not in flight; initializing
399 silly cache afterAdd promise@7.1.1
400 verbose afterAdd /Users/SilentH/.npm/promise/7.1.1/package/package.json not in flight; writing
401 verbose correctMkdir /Users/SilentH/.npm correctMkdir not in flight; initializing
402 verbose afterAdd /Users/SilentH/.npm/promise/7.1.1/package/package.json written
403 silly fetchAndShaCheck shasum 75ce38f52bf0733c5a7f0c118d81334a2bb5f412
404 verbose addTmpTarball /var/folders/r6/1dn3hvvn1bj_hmdk2kb2x0jr0000gn/T/npm-6585-4e4a935b/registry.npmjs.org/source-map/-/source-map-0.5.6.tgz not in flight; adding
405 verbose addTmpTarball already have metadata; skipping unpack for source-map@0.5.6
406 verbose correctMkdir /Users/SilentH/.npm correctMkdir not in flight; initializing
407 silly cache afterAdd source-map@0.5.6
408 verbose afterAdd /Users/SilentH/.npm/source-map/0.5.6/package/package.json not in flight; writing
409 verbose correctMkdir /Users/SilentH/.npm correctMkdir not in flight; initializing
410 verbose afterAdd /Users/SilentH/.npm/source-map/0.5.6/package/package.json written
411 silly fetchNamedPackageData prr
412 silly mapToRegistry name prr
413 silly mapToRegistry using default registry
414 silly mapToRegistry registry https://registry.npmjs.org/
415 silly mapToRegistry data Result {
415 silly mapToRegistry   raw: 'prr',
415 silly mapToRegistry   scope: null,
415 silly mapToRegistry   escapedName: 'prr',
415 silly mapToRegistry   name: 'prr',
415 silly mapToRegistry   rawSpec: '',
415 silly mapToRegistry   spec: 'latest',
415 silly mapToRegistry   type: 'tag' }
416 silly mapToRegistry uri https://registry.npmjs.org/prr
417 verbose request uri https://registry.npmjs.org/prr
418 verbose request no auth needed
419 info attempt registry request try #1 at 7:26:34 PM
420 http request GET https://registry.npmjs.org/prr
421 http 200 https://registry.npmjs.org/prr
422 verbose headers { server: 'CouchDB/1.5.0 (Erlang OTP/R16B03)',
422 verbose headers   etag: '"4A1HNLWICX23ZCV88IU54BJUX"',
422 verbose headers   'content-type': 'application/json',
422 verbose headers   'content-encoding': 'gzip',
422 verbose headers   'cache-control': 'max-age=300',
422 verbose headers   'content-length': '1739',
422 verbose headers   'accept-ranges': 'bytes',
422 verbose headers   date: 'Wed, 07 Sep 2016 02:26:32 GMT',
422 verbose headers   via: '1.1 varnish',
422 verbose headers   age: '297',
422 verbose headers   connection: 'keep-alive',
422 verbose headers   'x-served-by': 'cache-sea1925-SEA',
422 verbose headers   'x-cache': 'HIT',
422 verbose headers   'x-cache-hits': '3',
422 verbose headers   'x-timer': 'S1473215192.744202,VS0,VE0',
422 verbose headers   vary: 'Accept-Encoding' }
423 silly get cb [ 200,
423 silly get   { server: 'CouchDB/1.5.0 (Erlang OTP/R16B03)',
423 silly get     etag: '"4A1HNLWICX23ZCV88IU54BJUX"',
423 silly get     'content-type': 'application/json',
423 silly get     'content-encoding': 'gzip',
423 silly get     'cache-control': 'max-age=300',
423 silly get     'content-length': '1739',
423 silly get     'accept-ranges': 'bytes',
423 silly get     date: 'Wed, 07 Sep 2016 02:26:32 GMT',
423 silly get     via: '1.1 varnish',
423 silly get     age: '297',
423 silly get     connection: 'keep-alive',
423 silly get     'x-served-by': 'cache-sea1925-SEA',
423 silly get     'x-cache': 'HIT',
423 silly get     'x-cache-hits': '3',
423 silly get     'x-timer': 'S1473215192.744202,VS0,VE0',
423 silly get     vary: 'Accept-Encoding' } ]
424 verbose get saving prr to /Users/SilentH/.npm/registry.npmjs.org/prr/.cache.json
425 verbose correctMkdir /Users/SilentH/.npm correctMkdir not in flight; initializing
426 silly resolveWithNewModule prr@0.0.0 checking installable status
427 silly cache add args [ 'prr@~0.0.0', null ]
428 verbose cache add spec prr@~0.0.0
429 silly cache add parsed spec Result {
429 silly cache add   raw: 'prr@~0.0.0',
429 silly cache add   scope: null,
429 silly cache add   escapedName: 'prr',
429 silly cache add   name: 'prr',
429 silly cache add   rawSpec: '~0.0.0',
429 silly cache add   spec: '>=0.0.0 <0.1.0',
429 silly cache add   type: 'range' }
430 silly addNamed prr@>=0.0.0 <0.1.0
431 verbose addNamed ">=0.0.0 <0.1.0" is a valid semver range for prr
432 silly addNameRange { name: 'prr', range: '>=0.0.0 <0.1.0', hasData: false }
433 silly mapToRegistry name prr
434 silly mapToRegistry using default registry
435 silly mapToRegistry registry https://registry.npmjs.org/
436 silly mapToRegistry data Result {
436 silly mapToRegistry   raw: 'prr',
436 silly mapToRegistry   scope: null,
436 silly mapToRegistry   escapedName: 'prr',
436 silly mapToRegistry   name: 'prr',
436 silly mapToRegistry   rawSpec: '',
436 silly mapToRegistry   spec: 'latest',
436 silly mapToRegistry   type: 'tag' }
437 silly mapToRegistry uri https://registry.npmjs.org/prr
438 verbose addNameRange registry:https://registry.npmjs.org/prr not in flight; fetching
439 verbose get https://registry.npmjs.org/prr not expired, no request
440 silly addNameRange number 2 { name: 'prr', range: '>=0.0.0 <0.1.0', hasData: true }
441 silly addNameRange versions [ 'prr', [ '0.0.0', '1.0.0', '1.0.1' ] ]
442 silly addNamed prr@0.0.0
443 verbose addNamed "0.0.0" is a plain semver version for prr
444 silly mapToRegistry name prr
445 silly mapToRegistry using default registry
446 silly mapToRegistry registry https://registry.npmjs.org/
447 silly mapToRegistry data Result {
447 silly mapToRegistry   raw: 'prr',
447 silly mapToRegistry   scope: null,
447 silly mapToRegistry   escapedName: 'prr',
447 silly mapToRegistry   name: 'prr',
447 silly mapToRegistry   rawSpec: '',
447 silly mapToRegistry   spec: 'latest',
447 silly mapToRegistry   type: 'tag' }
448 silly mapToRegistry uri https://registry.npmjs.org/prr
449 verbose addRemoteTarball https://registry.npmjs.org/prr/-/prr-0.0.0.tgz not in flight; adding
450 verbose addRemoteTarball [ 'https://registry.npmjs.org/prr/-/prr-0.0.0.tgz',
450 verbose addRemoteTarball   '1a84b85908325501411853d0081ee3fa86e2926a' ]
451 info retry fetch attempt 1 at 7:26:34 PM
452 info attempt registry request try #1 at 7:26:34 PM
453 http fetch GET https://registry.npmjs.org/prr/-/prr-0.0.0.tgz
454 http fetch 200 https://registry.npmjs.org/prr/-/prr-0.0.0.tgz
455 silly fetchAndShaCheck shasum 1a84b85908325501411853d0081ee3fa86e2926a
456 verbose addTmpTarball /var/folders/r6/1dn3hvvn1bj_hmdk2kb2x0jr0000gn/T/npm-6585-4e4a935b/registry.npmjs.org/prr/-/prr-0.0.0.tgz not in flight; adding
457 verbose addTmpTarball already have metadata; skipping unpack for prr@0.0.0
458 verbose correctMkdir /Users/SilentH/.npm correctMkdir not in flight; initializing
459 silly cache afterAdd prr@0.0.0
460 verbose afterAdd /Users/SilentH/.npm/prr/0.0.0/package/package.json not in flight; writing
461 verbose correctMkdir /Users/SilentH/.npm correctMkdir not in flight; initializing
462 verbose afterAdd /Users/SilentH/.npm/prr/0.0.0/package/package.json written
463 silly fetchNamedPackageData minimist
464 silly mapToRegistry name minimist
465 silly mapToRegistry using default registry
466 silly mapToRegistry registry https://registry.npmjs.org/
467 silly mapToRegistry data Result {
467 silly mapToRegistry   raw: 'minimist',
467 silly mapToRegistry   scope: null,
467 silly mapToRegistry   escapedName: 'minimist',
467 silly mapToRegistry   name: 'minimist',
467 silly mapToRegistry   rawSpec: '',
467 silly mapToRegistry   spec: 'latest',
467 silly mapToRegistry   type: 'tag' }
468 silly mapToRegistry uri https://registry.npmjs.org/minimist
469 verbose request uri https://registry.npmjs.org/minimist
470 verbose request no auth needed
471 info attempt registry request try #1 at 7:26:34 PM
472 verbose etag "54JNHEPACVXFJSPF2JKGON0S3"
473 http request GET https://registry.npmjs.org/minimist
474 http 304 https://registry.npmjs.org/minimist
475 verbose headers { date: 'Wed, 07 Sep 2016 02:26:32 GMT',
475 verbose headers   via: '1.1 varnish',
475 verbose headers   'cache-control': 'max-age=300',
475 verbose headers   etag: '"54JNHEPACVXFJSPF2JKGON0S3"',
475 verbose headers   age: '222',
475 verbose headers   connection: 'keep-alive',
475 verbose headers   'x-served-by': 'cache-sea1925-SEA',
475 verbose headers   'x-cache': 'HIT',
475 verbose headers   'x-cache-hits': '42',
475 verbose headers   'x-timer': 'S1473215192.892002,VS0,VE0',
475 verbose headers   vary: 'Accept-Encoding' }
476 silly get cb [ 304,
476 silly get   { date: 'Wed, 07 Sep 2016 02:26:32 GMT',
476 silly get     via: '1.1 varnish',
476 silly get     'cache-control': 'max-age=300',
476 silly get     etag: '"54JNHEPACVXFJSPF2JKGON0S3"',
476 silly get     age: '222',
476 silly get     connection: 'keep-alive',
476 silly get     'x-served-by': 'cache-sea1925-SEA',
476 silly get     'x-cache': 'HIT',
476 silly get     'x-cache-hits': '42',
476 silly get     'x-timer': 'S1473215192.892002,VS0,VE0',
476 silly get     vary: 'Accept-Encoding' } ]
477 verbose etag https://registry.npmjs.org/minimist from cache
478 verbose get saving minimist to /Users/SilentH/.npm/registry.npmjs.org/minimist/.cache.json
479 verbose correctMkdir /Users/SilentH/.npm correctMkdir not in flight; initializing
480 silly resolveWithNewModule minimist@0.0.8 checking installable status
481 silly cache add args [ 'minimist@0.0.8', null ]
482 verbose cache add spec minimist@0.0.8
483 silly cache add parsed spec Result {
483 silly cache add   raw: 'minimist@0.0.8',
483 silly cache add   scope: null,
483 silly cache add   escapedName: 'minimist',
483 silly cache add   name: 'minimist',
483 silly cache add   rawSpec: '0.0.8',
483 silly cache add   spec: '0.0.8',
483 silly cache add   type: 'version' }
484 silly addNamed minimist@0.0.8
485 verbose addNamed "0.0.8" is a plain semver version for minimist
486 silly mapToRegistry name minimist
487 silly mapToRegistry using default registry
488 silly mapToRegistry registry https://registry.npmjs.org/
489 silly mapToRegistry data Result {
489 silly mapToRegistry   raw: 'minimist',
489 silly mapToRegistry   scope: null,
489 silly mapToRegistry   escapedName: 'minimist',
489 silly mapToRegistry   name: 'minimist',
489 silly mapToRegistry   rawSpec: '',
489 silly mapToRegistry   spec: 'latest',
489 silly mapToRegistry   type: 'tag' }
490 silly mapToRegistry uri https://registry.npmjs.org/minimist
491 verbose addNameVersion registry:https://registry.npmjs.org/minimist not in flight; fetching
492 verbose get https://registry.npmjs.org/minimist not expired, no request
493 silly cache afterAdd minimist@0.0.8
494 verbose afterAdd /Users/SilentH/.npm/minimist/0.0.8/package/package.json not in flight; writing
495 verbose correctMkdir /Users/SilentH/.npm correctMkdir not in flight; initializing
496 verbose afterAdd /Users/SilentH/.npm/minimist/0.0.8/package/package.json written
497 silly fetchNamedPackageData asap
498 silly mapToRegistry name asap
499 silly mapToRegistry using default registry
500 silly mapToRegistry registry https://registry.npmjs.org/
501 silly mapToRegistry data Result {
501 silly mapToRegistry   raw: 'asap',
501 silly mapToRegistry   scope: null,
501 silly mapToRegistry   escapedName: 'asap',
501 silly mapToRegistry   name: 'asap',
501 silly mapToRegistry   rawSpec: '',
501 silly mapToRegistry   spec: 'latest',
501 silly mapToRegistry   type: 'tag' }
502 silly mapToRegistry uri https://registry.npmjs.org/asap
503 verbose request uri https://registry.npmjs.org/asap
504 verbose request no auth needed
505 info attempt registry request try #1 at 7:26:34 PM
506 http request GET https://registry.npmjs.org/asap
507 http 200 https://registry.npmjs.org/asap
508 verbose headers { server: 'CouchDB/1.5.0 (Erlang OTP/R16B03)',
508 verbose headers   etag: '"CE1HJ388YLTUQYX3YJ7RMAGOZ"',
508 verbose headers   'content-type': 'application/json',
508 verbose headers   'content-encoding': 'gzip',
508 verbose headers   'cache-control': 'max-age=300',
508 verbose headers   'content-length': '7188',
508 verbose headers   'accept-ranges': 'bytes',
508 verbose headers   date: 'Wed, 07 Sep 2016 02:26:32 GMT',
508 verbose headers   via: '1.1 varnish',
508 verbose headers   age: '83',
508 verbose headers   connection: 'keep-alive',
508 verbose headers   'x-served-by': 'cache-sea1925-SEA',
508 verbose headers   'x-cache': 'HIT',
508 verbose headers   'x-cache-hits': '5',
508 verbose headers   'x-timer': 'S1473215192.973716,VS0,VE0',
508 verbose headers   vary: 'Accept-Encoding' }
509 silly get cb [ 200,
509 silly get   { server: 'CouchDB/1.5.0 (Erlang OTP/R16B03)',
509 silly get     etag: '"CE1HJ388YLTUQYX3YJ7RMAGOZ"',
509 silly get     'content-type': 'application/json',
509 silly get     'content-encoding': 'gzip',
509 silly get     'cache-control': 'max-age=300',
509 silly get     'content-length': '7188',
509 silly get     'accept-ranges': 'bytes',
509 silly get     date: 'Wed, 07 Sep 2016 02:26:32 GMT',
509 silly get     via: '1.1 varnish',
509 silly get     age: '83',
509 silly get     connection: 'keep-alive',
509 silly get     'x-served-by': 'cache-sea1925-SEA',
509 silly get     'x-cache': 'HIT',
509 silly get     'x-cache-hits': '5',
509 silly get     'x-timer': 'S1473215192.973716,VS0,VE0',
509 silly get     vary: 'Accept-Encoding' } ]
510 verbose get saving asap to /Users/SilentH/.npm/registry.npmjs.org/asap/.cache.json
511 verbose correctMkdir /Users/SilentH/.npm correctMkdir not in flight; initializing
512 silly resolveWithNewModule asap@2.0.4 checking installable status
513 silly cache add args [ 'asap@~2.0.3', null ]
514 verbose cache add spec asap@~2.0.3
515 silly cache add parsed spec Result {
515 silly cache add   raw: 'asap@~2.0.3',
515 silly cache add   scope: null,
515 silly cache add   escapedName: 'asap',
515 silly cache add   name: 'asap',
515 silly cache add   rawSpec: '~2.0.3',
515 silly cache add   spec: '>=2.0.3 <2.1.0',
515 silly cache add   type: 'range' }
516 silly addNamed asap@>=2.0.3 <2.1.0
517 verbose addNamed ">=2.0.3 <2.1.0" is a valid semver range for asap
518 silly addNameRange { name: 'asap', range: '>=2.0.3 <2.1.0', hasData: false }
519 silly mapToRegistry name asap
520 silly mapToRegistry using default registry
521 silly mapToRegistry registry https://registry.npmjs.org/
522 silly mapToRegistry data Result {
522 silly mapToRegistry   raw: 'asap',
522 silly mapToRegistry   scope: null,
522 silly mapToRegistry   escapedName: 'asap',
522 silly mapToRegistry   name: 'asap',
522 silly mapToRegistry   rawSpec: '',
522 silly mapToRegistry   spec: 'latest',
522 silly mapToRegistry   type: 'tag' }
523 silly mapToRegistry uri https://registry.npmjs.org/asap
524 verbose addNameRange registry:https://registry.npmjs.org/asap not in flight; fetching
525 verbose get https://registry.npmjs.org/asap not expired, no request
526 silly addNameRange number 2 { name: 'asap', range: '>=2.0.3 <2.1.0', hasData: true }
527 silly addNameRange versions [ 'asap',
527 silly addNameRange   [ '0.0.0', '1.0.0', '2.0.0', '2.0.1', '2.0.2', '2.0.3', '2.0.4' ] ]
528 silly addNamed asap@2.0.4
529 verbose addNamed "2.0.4" is a plain semver version for asap
530 silly mapToRegistry name asap
531 silly mapToRegistry using default registry
532 silly mapToRegistry registry https://registry.npmjs.org/
533 silly mapToRegistry data Result {
533 silly mapToRegistry   raw: 'asap',
533 silly mapToRegistry   scope: null,
533 silly mapToRegistry   escapedName: 'asap',
533 silly mapToRegistry   name: 'asap',
533 silly mapToRegistry   rawSpec: '',
533 silly mapToRegistry   spec: 'latest',
533 silly mapToRegistry   type: 'tag' }
534 silly mapToRegistry uri https://registry.npmjs.org/asap
535 verbose addRemoteTarball https://registry.npmjs.org/asap/-/asap-2.0.4.tgz not in flight; adding
536 verbose addRemoteTarball [ 'https://registry.npmjs.org/asap/-/asap-2.0.4.tgz',
536 verbose addRemoteTarball   'b391bf7f6bfbc65706022fec8f49c4b07fecf589' ]
537 info retry fetch attempt 1 at 7:26:34 PM
538 info attempt registry request try #1 at 7:26:34 PM
539 http fetch GET https://registry.npmjs.org/asap/-/asap-2.0.4.tgz
540 http fetch 200 https://registry.npmjs.org/asap/-/asap-2.0.4.tgz
541 silly fetchAndShaCheck shasum b391bf7f6bfbc65706022fec8f49c4b07fecf589
542 verbose addTmpTarball /var/folders/r6/1dn3hvvn1bj_hmdk2kb2x0jr0000gn/T/npm-6585-4e4a935b/registry.npmjs.org/asap/-/asap-2.0.4.tgz not in flight; adding
543 verbose addTmpTarball already have metadata; skipping unpack for asap@2.0.4
544 verbose correctMkdir /Users/SilentH/.npm correctMkdir not in flight; initializing
545 silly cache afterAdd asap@2.0.4
546 verbose afterAdd /Users/SilentH/.npm/asap/2.0.4/package/package.json not in flight; writing
547 verbose correctMkdir /Users/SilentH/.npm correctMkdir not in flight; initializing
548 verbose afterAdd /Users/SilentH/.npm/asap/2.0.4/package/package.json written
549 silly loadAllDepsIntoIdealTree Finishing
550 silly loadIdealTree Finishing
551 silly currentTree lib
552 silly idealTree lib
552 silly idealTree  less@2.7.1
552 silly idealTree    asap@2.0.4
552 silly idealTree    errno@0.1.4
552 silly idealTree    graceful-fs@4.1.6
552 silly idealTree    image-size@0.5.0
552 silly idealTree    mime@1.3.4
552 silly idealTree    minimist@0.0.8
552 silly idealTree    mkdirp@0.5.1
552 silly idealTree    promise@7.1.1
552 silly idealTree    prr@0.0.0
552 silly idealTree    source-map@0.5.6
553 silly generateActionsToTake Starting
554 silly install generateActionsToTake
555 warn checkPermissions Missing write access to /usr/local/lib/node_modules
556 silly rollbackFailedOptional Starting
557 silly rollbackFailedOptional Finishing
558 silly runTopLevelLifecycles Starting
559 silly runTopLevelLifecycles Finishing
560 silly install printInstalled
561 verbose stack Error: EACCES: permission denied, access '/usr/local/lib/node_modules'
561 verbose stack     at Error (native)
562 verbose cwd /Users/SilentH/local-repos/freecodecamp
563 error Darwin 15.6.0
564 error argv "/usr/local/bin/node" "/usr/local/bin/npm" "install" "less" "-g"
565 error node v6.4.0
566 error npm  v3.10.6
567 error path /usr/local/lib/node_modules
568 error code EACCES
569 error errno -13
570 error syscall access
571 error Error: EACCES: permission denied, access '/usr/local/lib/node_modules'
571 error     at Error (native)
571 error  { Error: EACCES: permission denied, access '/usr/local/lib/node_modules'
571 error     at Error (native)
571 error   errno: -13,
571 error   code: 'EACCES',
571 error   syscall: 'access',
571 error   path: '/usr/local/lib/node_modules' }
572 error Please try running this command again as root/Administrator.
573 verbose exit [ -13, true ]
